[betterproposals.io/template/index5633.html]
[backblue.gif]
[fade.gif]
[index.html]
[betterproposals.io/2/css/normalize.css]
[betterproposals.io/2/editor/css/uikit.css]
[betterproposals.io/2/editor/css/maine209.css]
[betterproposals.io/2/editor/css/bp-font.css]
[betterproposals.io/2/editor/css/trims.css]
[betterproposals.io/2/editor/css/patterns.css]
[betterproposals.io/2/editor/css/filters.css]
[betterproposals.io/2/editor/css/media-bg.css]
[betterproposals.io/2/editor/css/pricing-table.css]
[betterproposals.io/2/editor/css/tinymce-custom.css]
[betterproposals.io/proposal/css/viewer.css]
[betterproposals.io/proposal/css/view-trims.css]
[betterproposals.io/proposal/css/signature-pad.css]
[betterproposals.io/template/css/style.css]
[betterproposals.io/2/editor/css/responsive.css]
[use.typekit.net/uci0kgk.css]
[betterproposals.io/2/img/icons/favicon.png]
[betterproposals.io/2/img/icons/favicon_57.png]
[betterproposals.io/2/img/icons/favicon_114.png]
[betterproposals.io/2/img/icons/favicon_72.png]
[betterproposals.io/2/img/icons/favicon_144.png]
[betterproposals.io/2/editor/js/jquery-3.5.1.min.js]
[betterproposals.io/hosted_scripts/jquery-validation-engine/js/jquery.validationEngine.js]
[betterproposals.io/hosted_scripts/jquery-validation-engine/js/languages/jquery.validationEngine-en.js]
[betterproposals.io/hosted_scripts/jquery-validation-engine/css/validationEngine.jquery.css]
[betterproposals.io/img/layout/logo-newwhite.png]
[betterproposals.io/2/img/layout/NEW_BlackYourLogo.png]
[businessautomation.s3.eu-west-1.amazonaws.com/Template_Editor_Images/Templates---LIVE_mceu49479187511634724314585png_9787.png]
[businessautomation.s3.eu-west-1.amazonaws.com/Template_Editor_Images/Templates---LIVE_mceu501855194121634725697234png_4002.png]
[businessautomation.s3.eu-west-1.amazonaws.com/Template_Full_Images/Templates---LIVE_young-contemporary-webdesigner-pointing-application-design-touchpad-screen-while-working-new-interfacejpg_4020.1d.de]
[businessautomation.s3.eu-west-1.amazonaws.com/Template_Editor_Images/Templates---LIVE_mceu590500613131634725717407png_7699.png]
[businessautomation.s3.eu-west-1.amazonaws.com/Template_Editor_Images/Templates---LIVE_mceu112495361141634725724957png_4019.png]
[businessautomation.s3.eu-west-1.amazonaws.com/Template_Editor_Images/Templates---LIVE_mceu412548356151634725735093png_9787.png]
[businessautomation.s3.eu-west-1.amazonaws.com/Template_Editor_Images/Templates---LIVE_mceu584629478161634725748227png_9787.png]
[businessautomation.s3.eu-west-1.amazonaws.com/Template_Full_Images/Templates---LIVE_hands-point-web-design-documentjpg_6234.jpg]
[businessautomation.s3.eu-west-1.amazonaws.com/Template_Full_Images/Templates---LIVE_creative-web-designer-planning-application-developing-template-layout-framework-mobile-phone-user-experience-ux-conc]
[businessautomation.s3.eu-west-1.amazonaws.com/Template_Full_Images/Templates---LIVE_designing-application-mobile-phone-specialist-create-prototype-user-experiencejpg_9787.jpg]
[betterproposals.io/2/editor/js/uikit.min.js]
[betterproposals.io/2/editor/js/uikit-icons.min.js]
[betterproposals.io/2/editor/js/jquery.slidereveal.min.js]
[betterproposals.io/hosted_scripts/signature_pad/signature_pad.min.js]
[betterproposals.io/2/editor/node_modules/morphdom/dist/morphdom-umd.min.js]
[betterproposals.io/2/editor/js/util3447.js]
[betterproposals.io/2/editor/js/document21cd.js]
[betterproposals.io/2/editor/js/pagec924.js]
[betterproposals.io/2/editor/js/element3447.js]
[betterproposals.io/2/editor/js/blocks/quote-lineitemf2ad.js]
[betterproposals.io/2/editor/js/blocks/quote-table3447.js]
[betterproposals.io/2/editor/js/sidebars/common3447.js]
[betterproposals.io/2/editor/js/sweetalert.min3447.js]
[betterproposals.io/template/index5633.html]
[betterproposals.io/2/css/normalize.css]
[betterproposals.io/2/editor/css/uikit.css]
[betterproposals.io/2/img/proposal-icons/loading.gif]
[betterproposals.io/2/editor/images/sidebar-icons/background-none.png]
[betterproposals.io/2/editor/images/sidebar-icons/transparent.png]
[betterproposals.io/proposal/img/patterns/diagonal.png]
[betterproposals.io/proposal/img/patterns/grid.png]
[betterproposals.io/proposal/img/patterns/horizontal.png]
[betterproposals.io/proposal/img/patterns/metal.png]
[betterproposals.io/proposal/img/patterns/photography.png]
[betterproposals.io/proposal/img/patterns/sayagata.png]
[betterproposals.io/proposal/img/patterns/shapes.png]
[betterproposals.io/proposal/img/patterns/spider.png]
[betterproposals.io/proposal/img/patterns/square.png]
[betterproposals.io/proposal/img/patterns/star.png]
[betterproposals.io/proposal/img/patterns/vertical.png]
[betterproposals.io/proposal/img/patterns/quote.png]
[betterproposals.io/proposal/img/patterns/squares.png]
[betterproposals.io/proposal/img/patterns/circles.png]
[betterproposals.io/proposal/img/patterns/note.png]
[betterproposals.io/proposal/img/patterns/slanted.png]
[betterproposals.io/proposal/img/patterns/downward.png]
[betterproposals.io/proposal/img/patterns/bunting.png]
[betterproposals.io/proposal/img/patterns/curvedbunting.png]
[betterproposals.io/2/editor/css/maine209.css]
[betterproposals.io/2/editor/css/bp-font.css]
[betterproposals.io/2/editor/css/trims.css]
[betterproposals.io/2/editor/css/patterns.css]
[betterproposals.io/2/editor/css/filters.css]
[betterproposals.io/2/editor/css/media-bg.css]
[betterproposals.io/2/editor/css/pricing-table.css]
[betterproposals.io/2/editor/css/tinymce-custom.css]
[betterproposals.io/proposal/css/viewer.css]
[betterproposals.io/proposal/css/view-trims.css]
[betterproposals.io/proposal/css/signature-pad.css]
[betterproposals.io/template/css/style.css]
[betterproposals.io/2/editor/css/responsive.css]
[use.typekit.net/af/d45b9a/000000000000000077359577/30/le196]
[use.typekit.net/af/d45b9a/000000000000000077359577/30/de196]
[use.typekit.net/af/d45b9a/000000000000000077359577/30/ae196]
[use.typekit.net/af/6684b9/00000000000000007735b405/30/le196]
[use.typekit.net/af/6684b9/00000000000000007735b405/30/de196]
[use.typekit.net/af/6684b9/00000000000000007735b405/30/ae196]
[use.typekit.net/af/272149/00000000000000007735adb1/30/l3eab]
[use.typekit.net/af/272149/00000000000000007735adb1/30/d3eab]
[use.typekit.net/af/272149/00000000000000007735adb1/30/a3eab]
[use.typekit.net/af/6bc5ed/00000000000000007735adb4/30/laaa3]
[use.typekit.net/af/6bc5ed/00000000000000007735adb4/30/daaa3]
[use.typekit.net/af/f9d419/00000000000000007735adbb/30/laf99]
[use.typekit.net/af/6bc5ed/00000000000000007735adb4/30/aaaa3]
[use.typekit.net/af/f9d419/00000000000000007735adbb/30/daf99]
[use.typekit.net/af/f9d419/00000000000000007735adbb/30/aaf99]
[use.typekit.net/af/165087/00000000000000007735adc0/30/le003]
[use.typekit.net/af/165087/00000000000000007735adc0/30/de003]
[use.typekit.net/af/f350ae/00000000000000003b9b011d/27/le196]
[use.typekit.net/af/165087/00000000000000007735adc0/30/ae003]
[use.typekit.net/af/f350ae/00000000000000003b9b011d/27/de196]
[use.typekit.net/uci0kgk.css]
[betterproposals.io/hosted_scripts/jquery-validation-engine/css/validationEngine.jquery.css]
[p.typekit.net/peb34.css]
[use.typekit.net/af/f350ae/00000000000000003b9b011d/27/ae196]
